SH SERIES C/C++ Compiler (Ver. 6.0C)                                                                 30-Jul-2013 13:36:44  PAGE    1

************ OBJECT LISTING ************

FILE NAME: E:\Anderain\fx-9860\fxTaumath\append.c

SCT OFFSET   CODE       C LABEL     INSTRUCTION OPERAND    COMMENT

        append.c     1    // Append one list to another.
        append.c     2    
        append.c     3    #include "stdafx.h"
        append.c     4    #include "defs.h"
        append.c     5    
        append.c     6    void
        append.c     7    append(void)
P   00000000              _append:                         ; function: append
                                                           ; frame size=20
    00000000 2FE6                   MOV.L       R14,@-R15
    00000002 2FD6                   MOV.L       R13,@-R15
    00000004 2FC6                   MOV.L       R12,@-R15
    00000006 4F22                   STS.L       PR,@-R15
        append.c     8    {
        append.c     9            int h;
        append.c    10    
        append.c    11            save();
    00000008 D32E                   MOV.L       L1074+4,R3 ; _save
    0000000A 7FFC                   ADD         #-4,R15
    0000000C 430B                   JSR         @R3
    0000000E 0009                   NOP
        append.c    12    
        append.c    13            p2 = pop();
    00000010 DD2D                   MOV.L       L1074+8,R13; _p2
    00000012 D22E                   MOV.L       L1074+12,R2; _pop
    00000014 420B                   JSR         @R2
    00000016 0009                   NOP
        append.c    14            p1 = pop();
    00000018 DE2D                   MOV.L       L1074+16,R14; _p1
    0000001A D32C                   MOV.L       L1074+12,R3; _pop
    0000001C 430B                   JSR         @R3
    0000001E 2D02                   MOV.L       R0,@R13
    00000020 2E02                   MOV.L       R0,@R14
        append.c    15    
        append.c    16            h = tos;
    00000022 D32C                   MOV.L       L1074+20,R3; _tos
    00000024 DC2C                   MOV.L       L1074+24,R12; _push
    00000026 6232                   MOV.L       @R3,R2
    00000028 2F22                   MOV.L       R2,@R15
        append.c    17    
        append.c    18            while (iscons(p1)) {
    0000002A A019                   BRA         L1062
    0000002C 0009                   NOP
    0000002E              L1063:                            
        append.c    19                    push(car(p1));
    0000002E 64E2                   MOV.L       @R14,R4
    00000030 8448                   MOV.B       @(8,R4),R0
    00000032 2008                   TST         R0,R0
    00000034 8B02                   BF          L1064
    00000036 64E2                   MOV.L       @R14,R4
    00000038 A004                   BRA         L1065
    0000003A 6442                   MOV.L       @R4,R4
    0000003C              L1064:                            
    0000003C 9340                   MOV.W       L1074,R3   ; H'0570




SH SERIES C/C++ Compiler (Ver. 6.0C)                                                                 30-Jul-2013 13:36:44  PAGE    2


SCT OFFSET   CODE       C LABEL     INSTRUCTION OPERAND    COMMENT

    0000003E D227                   MOV.L       L1074+28,R2; _symtab
    00000040 6422                   MOV.L       @R2,R4
    00000042 343C                   ADD         R3,R4
    00000044              L1065:                            
    00000044 4C0B                   JSR         @R12
    00000046 0009                   NOP
        append.c    20                    p1 = cdr(p1);
    00000048 62E2                   MOV.L       @R14,R2
    0000004A 8428                   MOV.B       @(8,R2),R0
    0000004C 2008                   TST         R0,R0
    0000004E 8B02                   BF          L1066
    00000050 62E2                   MOV.L       @R14,R2
    00000052 A004                   BRA         L1067
    00000054 5321                   MOV.L       @(4,R2),R3
    00000056              L1066:                            
    00000056 9233                   MOV.W       L1074,R2   ; H'0570
    00000058 D120                   MOV.L       L1074+28,R1; _symtab
    0000005A 6312                   MOV.L       @R1,R3
    0000005C 332C                   ADD         R2,R3
    0000005E              L1067:                            
    0000005E 2E32                   MOV.L       R3,@R14
    00000060              L1062:                            
    00000060 62E2                   MOV.L       @R14,R2
    00000062 8428                   MOV.B       @(8,R2),R0
    00000064 2008                   TST         R0,R0
    00000066 89E2                   BT          L1063
        append.c    21            }
        append.c    22    
        append.c    23            while (iscons(p2)) {
    00000068 A019                   BRA         L1068
    0000006A 0009                   NOP
    0000006C              L1069:                            
        append.c    24                    push(car(p2));
    0000006C 64D2                   MOV.L       @R13,R4
    0000006E 8448                   MOV.B       @(8,R4),R0
    00000070 2008                   TST         R0,R0
    00000072 8B02                   BF          L1070
    00000074 64D2                   MOV.L       @R13,R4
    00000076 A004                   BRA         L1071
    00000078 6442                   MOV.L       @R4,R4
    0000007A              L1070:                            
    0000007A 9321                   MOV.W       L1074,R3   ; H'0570
    0000007C D217                   MOV.L       L1074+28,R2; _symtab
    0000007E 6422                   MOV.L       @R2,R4
    00000080 343C                   ADD         R3,R4
    00000082              L1071:                            
    00000082 4C0B                   JSR         @R12
    00000084 0009                   NOP
        append.c    25                    p2 = cdr(p2);
    00000086 62D2                   MOV.L       @R13,R2
    00000088 8428                   MOV.B       @(8,R2),R0
    0000008A 2008                   TST         R0,R0
    0000008C 8B02                   BF          L1072
    0000008E 62D2                   MOV.L       @R13,R2
    00000090 A004                   BRA         L1073
    00000092 5321                   MOV.L       @(4,R2),R3
    00000094              L1072:                            




SH SERIES C/C++ Compiler (Ver. 6.0C)                                                                 30-Jul-2013 13:36:44  PAGE    3


SCT OFFSET   CODE       C LABEL     INSTRUCTION OPERAND    COMMENT

    00000094 9214                   MOV.W       L1074,R2   ; H'0570
    00000096 D111                   MOV.L       L1074+28,R1; _symtab
    00000098 6312                   MOV.L       @R1,R3
    0000009A 332C                   ADD         R2,R3
    0000009C              L1073:                            
    0000009C 2D32                   MOV.L       R3,@R13
    0000009E              L1068:                            
    0000009E 62D2                   MOV.L       @R13,R2
    000000A0 8428                   MOV.B       @(8,R2),R0
    000000A2 2008                   TST         R0,R0
    000000A4 89E2                   BT          L1069
        append.c    26            }
        append.c    27    
        append.c    28            list(tos - h);
    000000A6 63F2                   MOV.L       @R15,R3
    000000A8 D20A                   MOV.L       L1074+20,R2; _tos
    000000AA 6422                   MOV.L       @R2,R4
    000000AC D10C                   MOV.L       L1074+32,R1; _list
    000000AE 410B                   JSR         @R1
    000000B0 3438                   SUB         R3,R4
        append.c    29    
        append.c    30            restore();
    000000B2 7F04                   ADD         #4,R15
    000000B4 D30B                   MOV.L       L1074+36,R3; _restore
    000000B6 4F26                   LDS.L       @R15+,PR
    000000B8 6CF6                   MOV.L       @R15+,R12
    000000BA 6DF6                   MOV.L       @R15+,R13
    000000BC 432B                   JMP         @R3
    000000BE 6EF6                   MOV.L       @R15+,R14
    000000C0              L1074:                            
    000000C0 0570                   .DATA.W     H'0570
    000000C2 0000                   .DATA.W     0
    000000C4 <00000000>             .DATA.L     _save
    000000C8 <00000000>             .DATA.L     _p2
    000000CC <00000000>             .DATA.L     _pop
    000000D0 <00000000>             .DATA.L     _p1
    000000D4 <00000000>             .DATA.L     _tos
    000000D8 <00000000>             .DATA.L     _push
    000000DC <00000000>             .DATA.L     _symtab
    000000E0 <00000000>             .DATA.L     _list
    000000E4 <00000000>             .DATA.L     _restore
        append.c    31    }



















SH SERIES C/C++ Compiler (Ver. 6.0C)                                                                 30-Jul-2013 13:36:44  PAGE    1


******** STATISTICS INFORMATION ********


********** ERROR INFORMATION ***********

NUMBER OF ERRORS:           0
NUMBER OF WARNINGS:         0




******* SOURCE LINE INFORMATION ********

COMPILED SOURCE LINE:       31



******* SECTION SIZE INFORMATION *******

PROGRAM  SECTION (P):                               000000E8 Byte(s)
CONSTANT SECTION (C):                               00000000 Byte(s)
DATA     SECTION (D):                               00000000 Byte(s)
BSS      SECTION (B):                               00000000 Byte(s)

 TOTAL PROGRAM SIZE: 000000E8 Byte(s)



********** LABEL INFORMATION ***********

NUMBER OF EXTERNAL REFERENCE SYMBOLS:            9
NUMBER OF EXTERNAL DEFINITION SYMBOLS:           1
NUMBER OF INTERNAL/EXTERNAL SYMBOLS:            23






























*** COMMAND PARAMETER ***


  -subcommand=C:\Users\ADMINI~1\AppData\Local\Temp\hmk2B39.tmp 

