SH SERIES C/C++ Compiler (Ver. 6.0C)                                                                 30-Jul-2013 13:36:48  PAGE    1

************ OBJECT LISTING ************

FILE NAME: E:\Anderain\fx-9860\fxTaumath\clear.c

SCT OFFSET   CODE       C LABEL     INSTRUCTION OPERAND    COMMENT

         clear.c     1    #include "stdafx.h"
         clear.c     2    #include "defs.h"
         clear.c     3    
         clear.c     4    #ifndef ARM9
         clear.c     5    void
         clear.c     6    eval_clear(void)
P   00000000              _eval_clear:                     ; function: eval_clear
                                                           ; frame size=4
    00000000 4F22                   STS.L       PR,@-R15
         clear.c     7    {
         clear.c     8            if (test_flag == 0)
    00000002 D20C                   MOV.L       L1063+2,R2 ; _test_flag
    00000004 6322                   MOV.L       @R2,R3
    00000006 2338                   TST         R3,R3
    00000008 8B02                   BF          L1062
         clear.c     9                    clear_term();
    0000000A D30B                   MOV.L       L1063+6,R3 ; _clear_term
    0000000C 430B                   JSR         @R3
    0000000E 0009                   NOP
    00000010              L1062:                            
         clear.c    10            clear_symbols();
    00000010 D20A                   MOV.L       L1063+10,R2; _clear_symbols
    00000012 420B                   JSR         @R2
    00000014 0009                   NOP
         clear.c    11            defn();
    00000016 D30A                   MOV.L       L1063+14,R3; _defn
    00000018 430B                   JSR         @R3
    0000001A 0009                   NOP
         clear.c    12            push(symbol(NIL));
    0000001C 9309                   MOV.W       L1063,R3   ; H'0570
    0000001E D209                   MOV.L       L1063+18,R2; _symtab
    00000020 D109                   MOV.L       L1063+22,R1; _push
    00000022 6422                   MOV.L       @R2,R4
    00000024 343C                   ADD         R3,R4
    00000026 412B                   JMP         @R1
    00000028 4F26                   LDS.L       @R15+,PR
         clear.c    13    }
         clear.c    14    #endif
         clear.c    15    // clear from application GUI code
         clear.c    16    
         clear.c    17    
         clear.c    18    void
         clear.c    19    clear(void)
    0000002A              _clear:                          ; function: clear
                                                           ; frame size=0
         clear.c    20    {
         clear.c    21            run("clear");
    0000002A D408                   MOV.L       L1063+26,R4; L1060
    0000002C D308                   MOV.L       L1063+30,R3; _run
    0000002E 432B                   JMP         @R3
    00000030 0009                   NOP
    00000032              L1063:                            
    00000032 0570                   .DATA.W     H'0570
    00000034 <00000000>             .DATA.L     _test_flag




SH SERIES C/C++ Compiler (Ver. 6.0C)                                                                 30-Jul-2013 13:36:48  PAGE    2


SCT OFFSET   CODE       C LABEL     INSTRUCTION OPERAND    COMMENT

    00000038 <00000000>             .DATA.L     _clear_term
    0000003C <00000000>             .DATA.L     _clear_symbols
    00000040 <00000000>             .DATA.L     _defn
    00000044 <00000000>             .DATA.L     _symtab
    00000048 <00000000>             .DATA.L     _push
    0000004C <00000000>             .DATA.L     L1060
    00000050 <00000000>             .DATA.L     _run
         clear.c    22    }
C   00000000              L1060:
    00000000 636C656172             .SDATA      "clear"
    00000005 00                     .DATA.B     H'00


















































SH SERIES C/C++ Compiler (Ver. 6.0C)                                                                 30-Jul-2013 13:36:48  PAGE    1


******** STATISTICS INFORMATION ********


********** ERROR INFORMATION ***********

NUMBER OF ERRORS:           0
NUMBER OF WARNINGS:         0




******* SOURCE LINE INFORMATION ********

COMPILED SOURCE LINE:       22



******* SECTION SIZE INFORMATION *******

PROGRAM  SECTION (P):                               00000054 Byte(s)
CONSTANT SECTION (C):                               00000006 Byte(s)
DATA     SECTION (D):                               00000000 Byte(s)
BSS      SECTION (B):                               00000000 Byte(s)

 TOTAL PROGRAM SIZE: 0000005A Byte(s)



********** LABEL INFORMATION ***********

NUMBER OF EXTERNAL REFERENCE SYMBOLS:            7
NUMBER OF EXTERNAL DEFINITION SYMBOLS:           2
NUMBER OF INTERNAL/EXTERNAL SYMBOLS:            12






























*** COMMAND PARAMETER ***


  -subcommand=C:\Users\ADMINI~1\AppData\Local\Temp\hmk3CD4.tmp 

