SH SERIES C/C++ Compiler (Ver. 6.0C)                                                                 30-Jul-2013 13:36:51  PAGE    1

************ OBJECT LISTING ************

FILE NAME: E:\Anderain\fx-9860\fxTaumath\data.c

SCT OFFSET   CODE       C LABEL     INSTRUCTION OPERAND    COMMENT

          data.c     1    #include "stdafx.h"
          data.c     2    #include "defs.h"
          data.c     3    
          data.c     4    int endian = 1;
          data.c     5    
          data.c     6    U *p0, *p1, *p2, *p3, *p4, *p5, *p6, *p7, *p8, *p9;
          data.c     7    
          data.c     8    U *zero, *one, *imaginaryunit;
          data.c     9    
          data.c    10    U *symtab, **binding, **arglist;
          data.c    11    
          data.c    12    int expanding;
          data.c    13    int verbosing;
          data.c    14    int esc_flag;
          data.c    15    int test_flag;
          data.c    16    int draw_flag;
          data.c    17    int trigmode;
          data.c    18    char *logbuf;
D   00000000              _endian:                         ; static: endian
    00000000 00000001               .DATA.L     H'00000001
B   00000000              _expanding:                      ; static: expanding
    00000000 00000004               .RES.L      1
    00000004              _verbosing:                      ; static: verbosing
    00000004 00000004               .RES.L      1
    00000008              _esc_flag:                       ; static: esc_flag
    00000008 00000004               .RES.L      1
    0000000C              _draw_flag:                      ; static: draw_flag
    0000000C 00000004               .RES.L      1
    00000010              _trigmode:                       ; static: trigmode
    00000010 00000004               .RES.L      1
    00000014              _logbuf:                         ; static: logbuf
    00000014 00000004               .RES.L      1
    00000018              _binding:                        ; static: binding
    00000018 00000004               .RES.L      1
    0000001C              _arglist:                        ; static: arglist
    0000001C 00000004               .RES.L      1
    00000020              _symtab:                         ; static: symtab
    00000020 00000004               .RES.L      1
    00000024              _p0:                             ; static: p0
    00000024 00000004               .RES.L      1
    00000028              _p1:                             ; static: p1
    00000028 00000004               .RES.L      1
    0000002C              _p2:                             ; static: p2
    0000002C 00000004               .RES.L      1
    00000030              _p3:                             ; static: p3
    00000030 00000004               .RES.L      1
    00000034              _p4:                             ; static: p4
    00000034 00000004               .RES.L      1
    00000038              _p5:                             ; static: p5
    00000038 00000004               .RES.L      1
    0000003C              _p6:                             ; static: p6
    0000003C 00000004               .RES.L      1
    00000040              _p7:                             ; static: p7
    00000040 00000004               .RES.L      1




SH SERIES C/C++ Compiler (Ver. 6.0C)                                                                 30-Jul-2013 13:36:51  PAGE    2


SCT OFFSET   CODE       C LABEL     INSTRUCTION OPERAND    COMMENT

    00000044              _p8:                             ; static: p8
    00000044 00000004               .RES.L      1
    00000048              _p9:                             ; static: p9
    00000048 00000004               .RES.L      1
    0000004C              _zero:                           ; static: zero
    0000004C 00000004               .RES.L      1
    00000050              _one:                            ; static: one
    00000050 00000004               .RES.L      1
    00000054              _imaginaryunit:                  ; static: imaginaryunit
    00000054 00000004               .RES.L      1
    00000058              _test_flag:                      ; static: test_flag
    00000058 00000004               .RES.L      1

















































SH SERIES C/C++ Compiler (Ver. 6.0C)                                                                 30-Jul-2013 13:36:51  PAGE    1


******** STATISTICS INFORMATION ********


********** ERROR INFORMATION ***********

NUMBER OF ERRORS:           0
NUMBER OF WARNINGS:         0




******* SOURCE LINE INFORMATION ********

COMPILED SOURCE LINE:       18



******* SECTION SIZE INFORMATION *******

PROGRAM  SECTION (P):                               00000000 Byte(s)
CONSTANT SECTION (C):                               00000000 Byte(s)
DATA     SECTION (D):                               00000004 Byte(s)
BSS      SECTION (B):                               0000005C Byte(s)

 TOTAL PROGRAM SIZE: 00000060 Byte(s)



********** LABEL INFORMATION ***********

NUMBER OF EXTERNAL REFERENCE SYMBOLS:            0
NUMBER OF EXTERNAL DEFINITION SYMBOLS:          24
NUMBER OF INTERNAL/EXTERNAL SYMBOLS:            24






























*** COMMAND PARAMETER ***


  -subcommand=C:\Users\ADMINI~1\AppData\Local\Temp\hmk4834.tmp 

