SH SERIES C/C++ Compiler (Ver. 6.0C)                                                                 30-Jul-2013 13:36:53  PAGE    1

************ OBJECT LISTING ************

FILE NAME: E:\Anderain\fx-9860\fxTaumath\denominator.c

SCT OFFSET   CODE       C LABEL     INSTRUCTION OPERAND    COMMENT

      denominato     1    #include "stdafx.h"
      denominato     2    #include "defs.h"
      denominato     3    
      denominato     4    void
      denominato     5    eval_denominator(void)
P   00000000              _eval_denominator:               ; function: eval_denominator
                                                           ; frame size=8
    00000000 2FE6                   MOV.L       R14,@-R15
    00000002 4F22                   STS.L       PR,@-R15
      denominato     6    {
      denominato     7            push(cadr(p1));
    00000004 DE37                   MOV.L       L1107+4,R14; _p1
    00000006 64E2                   MOV.L       @R14,R4
    00000008 8448                   MOV.B       @(8,R4),R0
    0000000A 2008                   TST         R0,R0
    0000000C 8B02                   BF          L1067
    0000000E 64E2                   MOV.L       @R14,R4
    00000010 A004                   BRA         L1069
    00000012 5441                   MOV.L       @(4,R4),R4
    00000014              L1067:                            
    00000014 9364                   MOV.W       L1107,R3   ; H'0570
    00000016 D234                   MOV.L       L1107+8,R2 ; _symtab
    00000018 6422                   MOV.L       @R2,R4
    0000001A 343C                   ADD         R3,R4
    0000001C              L1069:                            
    0000001C 8448                   MOV.B       @(8,R4),R0
    0000001E 2008                   TST         R0,R0
    00000020 8B0C                   BF          L1066
    00000022 64E2                   MOV.L       @R14,R4
    00000024 8448                   MOV.B       @(8,R4),R0
    00000026 2008                   TST         R0,R0
    00000028 8B02                   BF          L1068
    0000002A 64E2                   MOV.L       @R14,R4
    0000002C A004                   BRA         L1070
    0000002E 5441                   MOV.L       @(4,R4),R4
    00000030              L1068:                            
    00000030 9356                   MOV.W       L1107,R3   ; H'0570
    00000032 D22D                   MOV.L       L1107+8,R2 ; _symtab
    00000034 6422                   MOV.L       @R2,R4
    00000036 343C                   ADD         R3,R4
    00000038              L1070:                            
    00000038 A004                   BRA         L1071
    0000003A 6442                   MOV.L       @R4,R4
    0000003C              L1066:                            
    0000003C 9350                   MOV.W       L1107,R3   ; H'0570
    0000003E D22A                   MOV.L       L1107+8,R2 ; _symtab
    00000040 6422                   MOV.L       @R2,R4
    00000042 343C                   ADD         R3,R4
    00000044              L1071:                            
    00000044 D329                   MOV.L       L1107+12,R3; _push
    00000046 430B                   JSR         @R3
    00000048 0009                   NOP
      denominato     8            eval();
    0000004A D229                   MOV.L       L1107+16,R2; _eval




SH SERIES C/C++ Compiler (Ver. 6.0C)                                                                 30-Jul-2013 13:36:53  PAGE    2


SCT OFFSET   CODE       C LABEL     INSTRUCTION OPERAND    COMMENT

    0000004C 420B                   JSR         @R2
    0000004E 0009                   NOP
      denominato     9            denominator();
    00000050 4F26                   LDS.L       @R15+,PR
    00000052 6EF6                   MOV.L       @R15+,R14
      denominato    10    }
      denominato    11    
      denominato    12    void
      denominato    13    denominator(void)
    00000054              _denominator:                    ; function: denominator
                                                           ; frame size=20
    00000054 2FE6                   MOV.L       R14,@-R15
    00000056 2FD6                   MOV.L       R13,@-R15
    00000058 2FC6                   MOV.L       R12,@-R15
    0000005A 4F22                   STS.L       PR,@-R15
      denominato    14    {
      denominato    15            int h;
      denominato    16    
      denominato    17            save();
    0000005C D325                   MOV.L       L1107+20,R3; _save
    0000005E 7FFC                   ADD         #-4,R15
    00000060 430B                   JSR         @R3
    00000062 0009                   NOP
      denominato    18    
      denominato    19            p1 = pop();
    00000064 DE1F                   MOV.L       L1107+4,R14; _p1
    00000066 D224                   MOV.L       L1107+24,R2; _pop
    00000068 420B                   JSR         @R2
    0000006A 0009                   NOP
    0000006C 2E02                   MOV.L       R0,@R14
    0000006E 6403                   MOV         R0,R4
    00000070 DC1E                   MOV.L       L1107+12,R12; _push
    00000072 DD1D                   MOV.L       L1107+8,R13; _symtab
    00000074 8448                   MOV.B       @(8,R4),R0
    00000076 2008                   TST         R0,R0
    00000078 8B02                   BF          L1073
    0000007A 62E2                   MOV.L       @R14,R2
    0000007C A004                   BRA         L1074
    0000007E 6322                   MOV.L       @R2,R3
    00000080              L1073:                            
    00000080 922E                   MOV.W       L1107,R2   ; H'0570
    00000082 D119                   MOV.L       L1107+8,R1 ; _symtab
    00000084 6312                   MOV.L       @R1,R3
    00000086 332C                   ADD         R2,R3
    00000088              L1074:                            
    00000088 62D2                   MOV.L       @R13,R2
    0000008A 720C                   ADD         #12,R2
    0000008C 3320                   CMP/EQ      R2,R3
    0000008E 8B08                   BF          L1072
      denominato    20    
      denominato    21            if (car(p1) == symbol(ADD)) {
      denominato    22                    push(p1);
    00000090 4C0B                   JSR         @R12
    00000092 0009                   NOP
      denominato    23                    rationalize();
    00000094 D219                   MOV.L       L1107+28,R2; _rationalize
    00000096 420B                   JSR         @R2




SH SERIES C/C++ Compiler (Ver. 6.0C)                                                                 30-Jul-2013 13:36:53  PAGE    3


SCT OFFSET   CODE       C LABEL     INSTRUCTION OPERAND    COMMENT

    00000098 0009                   NOP
      denominato    24                    p1 = pop();
    0000009A D317                   MOV.L       L1107+24,R3; _pop
    0000009C 430B                   JSR         @R3
    0000009E 0009                   NOP
    000000A0 2E02                   MOV.L       R0,@R14
    000000A2              L1072:                            
    000000A2 64E2                   MOV.L       @R14,R4
    000000A4 8448                   MOV.B       @(8,R4),R0
    000000A6 2008                   TST         R0,R0
    000000A8 8B01                   BF          L1076
    000000AA A004                   BRA         L1077
    000000AC 6242                   MOV.L       @R4,R2
    000000AE              L1076:                            
    000000AE 9317                   MOV.W       L1107,R3   ; H'0570
    000000B0 D10D                   MOV.L       L1107+8,R1 ; _symtab
    000000B2 6212                   MOV.L       @R1,R2
    000000B4 323C                   ADD         R3,R2
    000000B6              L1077:                            
    000000B6 9314                   MOV.W       L1107+2,R3 ; H'0384
    000000B8 60D2                   MOV.L       @R13,R0
    000000BA 303C                   ADD         R3,R0
    000000BC 3200                   CMP/EQ      R0,R2
    000000BE 8B48                   BF          L1075
      denominato    25            }
      denominato    26    
      denominato    27            if (car(p1) == symbol(MULTIPLY)) {
      denominato    28                    h = tos;
    000000C0 D20F                   MOV.L       L1107+32,R2; _tos
    000000C2 6122                   MOV.L       @R2,R1
    000000C4 2F12                   MOV.L       R1,@R15
      denominato    29                    p1 = cdr(p1);
    000000C6 61E2                   MOV.L       @R14,R1
    000000C8 8418                   MOV.B       @(8,R1),R0
    000000CA 2008                   TST         R0,R0
    000000CC 8B02                   BF          L1078
    000000CE 61E2                   MOV.L       @R14,R1
    000000D0 A004                   BRA         L1079
    000000D2 5111                   MOV.L       @(4,R1),R1
    000000D4              L1078:                            
    000000D4 9004                   MOV.W       L1107,R0   ; H'0570
    000000D6 D304                   MOV.L       L1107+8,R3 ; _symtab
    000000D8 6132                   MOV.L       @R3,R1
    000000DA 310C                   ADD         R0,R1
    000000DC              L1079:                            
      denominato    30                    while (iscons(p1)) {
    000000DC A02D                   BRA         L1080
    000000DE 2E12                   MOV.L       R1,@R14
    000000E0              L1107:                            
    000000E0 0570                   .DATA.W     H'0570
    000000E2 0384                   .DATA.W     H'0384
    000000E4 <00000000>             .DATA.L     _p1
    000000E8 <00000000>             .DATA.L     _symtab
    000000EC <00000000>             .DATA.L     _push
    000000F0 <00000000>             .DATA.L     _eval
    000000F4 <00000000>             .DATA.L     _save
    000000F8 <00000000>             .DATA.L     _pop




SH SERIES C/C++ Compiler (Ver. 6.0C)                                                                 30-Jul-2013 13:36:53  PAGE    4


SCT OFFSET   CODE       C LABEL     INSTRUCTION OPERAND    COMMENT

    000000FC <00000000>             .DATA.L     _rationalize
    00000100 <00000000>             .DATA.L     _tos
    00000104              L1081:                            
      denominato    31                            push(car(p1));
    00000104 64E2                   MOV.L       @R14,R4
    00000106 8448                   MOV.B       @(8,R4),R0
    00000108 2008                   TST         R0,R0
    0000010A 8B02                   BF          L1082
    0000010C 64E2                   MOV.L       @R14,R4
    0000010E A004                   BRA         L1083
    00000110 6442                   MOV.L       @R4,R4
    00000112              L1082:                            
    00000112 935F                   MOV.W       L1108,R3   ; H'0570
    00000114 D230                   MOV.L       L1108+4,R2 ; _symtab
    00000116 6422                   MOV.L       @R2,R4
    00000118 343C                   ADD         R3,R4
    0000011A              L1083:                            
    0000011A 4C0B                   JSR         @R12
    0000011C 0009                   NOP
      denominato    32                            denominator();
    0000011E BF99                   BSR         _denominator
    00000120 0009                   NOP
      denominato    33                            p1 = cdr(p1);
    00000122 63E2                   MOV.L       @R14,R3
    00000124 8438                   MOV.B       @(8,R3),R0
    00000126 2008                   TST         R0,R0
    00000128 8B02                   BF          L1084
    0000012A 62E2                   MOV.L       @R14,R2
    0000012C A004                   BRA         L1085
    0000012E 5221                   MOV.L       @(4,R2),R2
    00000130              L1084:                            
    00000130 9350                   MOV.W       L1108,R3   ; H'0570
    00000132 D129                   MOV.L       L1108+4,R1 ; _symtab
    00000134 6212                   MOV.L       @R1,R2
    00000136 323C                   ADD         R3,R2
    00000138              L1085:                            
    00000138 2E22                   MOV.L       R2,@R14
    0000013A              L1080:                            
    0000013A 63E2                   MOV.L       @R14,R3
    0000013C 8438                   MOV.B       @(8,R3),R0
    0000013E 2008                   TST         R0,R0
    00000140 89E0                   BT          L1081
      denominato    34                    }
      denominato    35                    multiply_all(tos - h);
    00000142 63F2                   MOV.L       @R15,R3
    00000144 D225                   MOV.L       L1108+8,R2 ; _tos
    00000146 6422                   MOV.L       @R2,R4
    00000148 D125                   MOV.L       L1108+12,R1; _multiply_all
    0000014A 410B                   JSR         @R1
    0000014C 3438                   SUB         R3,R4
    0000014E A074                   BRA         L1086
    00000150 0009                   NOP
    00000152              L1075:                            
      denominato    36            } else if (isrational(p1)) {
    00000152 8448                   MOV.B       @(8,R4),R0
    00000154 600C                   EXTU.B      R0,R0
    00000156 8801                   CMP/EQ      #1,R0




SH SERIES C/C++ Compiler (Ver. 6.0C)                                                                 30-Jul-2013 13:36:53  PAGE    5


SCT OFFSET   CODE       C LABEL     INSTRUCTION OPERAND    COMMENT

    00000158 8B06                   BF          L1087
      denominato    37                    push(p1);
    0000015A 4C0B                   JSR         @R12
    0000015C 0009                   NOP
      denominato    38                    mp_denominator();
    0000015E D321                   MOV.L       L1108+16,R3; _mp_denominator
    00000160 430B                   JSR         @R3
    00000162 0009                   NOP
    00000164 A069                   BRA         L1086
    00000166 0009                   NOP
    00000168              L1087:                            
      denominato    39            } else if (car(p1) == symbol(POWER) && isnegativeterm(caddr(p1))) {
    00000168 62E2                   MOV.L       @R14,R2
    0000016A 8428                   MOV.B       @(8,R2),R0
    0000016C 2008                   TST         R0,R0
    0000016E 8B02                   BF          L1090
    00000170 61E2                   MOV.L       @R14,R1
    00000172 A004                   BRA         L1098
    00000174 6112                   MOV.L       @R1,R1
    00000176              L1090:                            
    00000176 922D                   MOV.W       L1108,R2   ; H'0570
    00000178 D017                   MOV.L       L1108+4,R0 ; _symtab
    0000017A 6102                   MOV.L       @R0,R1
    0000017C 312C                   ADD         R2,R1
    0000017E              L1098:                            
    0000017E 932A                   MOV.W       L1108+2,R3 ; H'03F0
    00000180 62D2                   MOV.L       @R13,R2
    00000182 323C                   ADD         R3,R2
    00000184 3120                   CMP/EQ      R2,R1
    00000186 8B55                   BF          L1089
    00000188 64E2                   MOV.L       @R14,R4
    0000018A 8448                   MOV.B       @(8,R4),R0
    0000018C 2008                   TST         R0,R0
    0000018E 8B02                   BF          L1093
    00000190 64E2                   MOV.L       @R14,R4
    00000192 A003                   BRA         L1099
    00000194 5441                   MOV.L       @(4,R4),R4
    00000196              L1093:                            
    00000196 921D                   MOV.W       L1108,R2   ; H'0570
    00000198 64D2                   MOV.L       @R13,R4
    0000019A 342C                   ADD         R2,R4
    0000019C              L1099:                            
    0000019C 8448                   MOV.B       @(8,R4),R0
    0000019E 2008                   TST         R0,R0
    000001A0 8B0B                   BF          L1092
    000001A2 64E2                   MOV.L       @R14,R4
    000001A4 8448                   MOV.B       @(8,R4),R0
    000001A6 2008                   TST         R0,R0
    000001A8 8B02                   BF          L1094
    000001AA 64E2                   MOV.L       @R14,R4
    000001AC A003                   BRA         L1100
    000001AE 5441                   MOV.L       @(4,R4),R4
    000001B0              L1094:                            
    000001B0 9310                   MOV.W       L1108,R3   ; H'0570
    000001B2 64D2                   MOV.L       @R13,R4
    000001B4 343C                   ADD         R3,R4
    000001B6              L1100:                            




SH SERIES C/C++ Compiler (Ver. 6.0C)                                                                 30-Jul-2013 13:36:53  PAGE    6


SCT OFFSET   CODE       C LABEL     INSTRUCTION OPERAND    COMMENT

    000001B6 A003                   BRA         L1101
    000001B8 5441                   MOV.L       @(4,R4),R4
    000001BA              L1092:                            
    000001BA 930B                   MOV.W       L1108,R3   ; H'0570
    000001BC 64D2                   MOV.L       @R13,R4
    000001BE 343C                   ADD         R3,R4
    000001C0              L1101:                            
    000001C0 8448                   MOV.B       @(8,R4),R0
    000001C2 2008                   TST         R0,R0
    000001C4 8B27                   BF          L1091
    000001C6 64E2                   MOV.L       @R14,R4
    000001C8 8448                   MOV.B       @(8,R4),R0
    000001CA 2008                   TST         R0,R0
    000001CC 8B0C                   BF          L1096
    000001CE 64E2                   MOV.L       @R14,R4
    000001D0 A00D                   BRA         L1102
    000001D2 5441                   MOV.L       @(4,R4),R4
    000001D4              L1108:                            
    000001D4 0570                   .DATA.W     H'0570
    000001D6 03F0                   .DATA.W     H'03F0
    000001D8 <00000000>             .DATA.L     _symtab
    000001DC <00000000>             .DATA.L     _tos
    000001E0 <00000000>             .DATA.L     _multiply_all
    000001E4 <00000000>             .DATA.L     _mp_denominator
    000001E8              L1096:                            
    000001E8 932E                   MOV.W       L1109,R3   ; H'0570
    000001EA 64D2                   MOV.L       @R13,R4
    000001EC 343C                   ADD         R3,R4
    000001EE              L1102:                            
    000001EE 8448                   MOV.B       @(8,R4),R0
    000001F0 2008                   TST         R0,R0
    000001F2 8B0B                   BF          L1095
    000001F4 64E2                   MOV.L       @R14,R4
    000001F6 8448                   MOV.B       @(8,R4),R0
    000001F8 2008                   TST         R0,R0
    000001FA 8B02                   BF          L1097
    000001FC 64E2                   MOV.L       @R14,R4
    000001FE A003                   BRA         L1103
    00000200 5441                   MOV.L       @(4,R4),R4
    00000202              L1097:                            
    00000202 9321                   MOV.W       L1109,R3   ; H'0570
    00000204 64D2                   MOV.L       @R13,R4
    00000206 343C                   ADD         R3,R4
    00000208              L1103:                            
    00000208 A003                   BRA         L1104
    0000020A 5441                   MOV.L       @(4,R4),R4
    0000020C              L1095:                            
    0000020C 931C                   MOV.W       L1109,R3   ; H'0570
    0000020E 64D2                   MOV.L       @R13,R4
    00000210 343C                   ADD         R3,R4
    00000212              L1104:                            
    00000212 A003                   BRA         L1105
    00000214 6442                   MOV.L       @R4,R4
    00000216              L1091:                            
    00000216 9317                   MOV.W       L1109,R3   ; H'0570
    00000218 64D2                   MOV.L       @R13,R4
    0000021A 343C                   ADD         R3,R4




SH SERIES C/C++ Compiler (Ver. 6.0C)                                                                 30-Jul-2013 13:36:53  PAGE    7


SCT OFFSET   CODE       C LABEL     INSTRUCTION OPERAND    COMMENT

    0000021C              L1105:                            
    0000021C D30B                   MOV.L       L1109+4,R3 ; _isnegativeterm
    0000021E 430B                   JSR         @R3
    00000220 0009                   NOP
    00000222 2008                   TST         R0,R0
    00000224 8906                   BT          L1089
      denominato    40                    push(p1);
    00000226 4C0B                   JSR         @R12
    00000228 64E2                   MOV.L       @R14,R4
      denominato    41                    reciprocate();
    0000022A D309                   MOV.L       L1109+8,R3 ; _reciprocate
    0000022C 430B                   JSR         @R3
    0000022E 0009                   NOP
    00000230 A003                   BRA         L1086
    00000232 0009                   NOP
    00000234              L1089:                            
      denominato    42            } else
      denominato    43                    push(one);
    00000234 D307                   MOV.L       L1109+12,R3; _one
    00000236 4C0B                   JSR         @R12
    00000238 6432                   MOV.L       @R3,R4
    0000023A              L1086:                            
      denominato    44    
      denominato    45            restore();
    0000023A 7F04                   ADD         #4,R15
    0000023C D206                   MOV.L       L1109+16,R2; _restore
    0000023E 4F26                   LDS.L       @R15+,PR
    00000240 6CF6                   MOV.L       @R15+,R12
    00000242 6DF6                   MOV.L       @R15+,R13
    00000244 422B                   JMP         @R2
    00000246 6EF6                   MOV.L       @R15+,R14
    00000248              L1109:                            
    00000248 0570                   .DATA.W     H'0570
    0000024A 0000                   .DATA.W     0
    0000024C <00000000>             .DATA.L     _isnegativeterm
    00000250 <00000000>             .DATA.L     _reciprocate
    00000254 <00000000>             .DATA.L     _one
    00000258 <00000000>             .DATA.L     _restore
      denominato    46    }






















SH SERIES C/C++ Compiler (Ver. 6.0C)                                                                 30-Jul-2013 13:36:53  PAGE    1


******** STATISTICS INFORMATION ********


********** ERROR INFORMATION ***********

NUMBER OF ERRORS:           0
NUMBER OF WARNINGS:         0




******* SOURCE LINE INFORMATION ********

COMPILED SOURCE LINE:       46



******* SECTION SIZE INFORMATION *******

PROGRAM  SECTION (P):                               0000025C Byte(s)
CONSTANT SECTION (C):                               00000000 Byte(s)
DATA     SECTION (D):                               00000000 Byte(s)
BSS      SECTION (B):                               00000000 Byte(s)

 TOTAL PROGRAM SIZE: 0000025C Byte(s)



********** LABEL INFORMATION ***********

NUMBER OF EXTERNAL REFERENCE SYMBOLS:           14
NUMBER OF EXTERNAL DEFINITION SYMBOLS:           2
NUMBER OF INTERNAL/EXTERNAL SYMBOLS:            58






























*** COMMAND PARAMETER ***


  -subcommand=C:\Users\ADMINI~1\AppData\Local\Temp\hmk4DF3.tmp 

