SH SERIES C/C++ Compiler (Ver. 6.0C)                                                                 30-Jul-2013 13:37:06  PAGE    1

************ OBJECT LISTING ************

FILE NAME: E:\Anderain\fx-9860\fxTaumath\itab.c

SCT OFFSET   CODE       C LABEL     INSTRUCTION OPERAND    COMMENT

          itab.c     1    /* Table of integrals
          itab.c     2    
          itab.c     3    The symbol f is just a dummy symbol for creating a list f(A,B,C,C,...) where
          itab.c     4    
          itab.c     5            A       is the template expression
          itab.c     6    
          itab.c     7            B       is the result expression
          itab.c     8    
          itab.c     9            C       is an optional list of conditional expressions
          itab.c    10    */
          itab.c    11    
          itab.c    12    #include "stdafx.h"
          itab.c    13    #include "defs.h"
          itab.c    14    
          itab.c    15    char *itab[] = {
          itab.c    16            NULL,
          itab.c    17    };
D   00000000              _itab:                           ; static: itab
    00000000 00000000               .DATA.L     H'00000000







































SH SERIES C/C++ Compiler (Ver. 6.0C)                                                                 30-Jul-2013 13:37:06  PAGE    1


******** STATISTICS INFORMATION ********


********** ERROR INFORMATION ***********

NUMBER OF ERRORS:           0
NUMBER OF WARNINGS:         0




******* SOURCE LINE INFORMATION ********

COMPILED SOURCE LINE:       17



******* SECTION SIZE INFORMATION *******

PROGRAM  SECTION (P):                               00000000 Byte(s)
CONSTANT SECTION (C):                               00000000 Byte(s)
DATA     SECTION (D):                               00000004 Byte(s)
BSS      SECTION (B):                               00000000 Byte(s)

 TOTAL PROGRAM SIZE: 00000004 Byte(s)



********** LABEL INFORMATION ***********

NUMBER OF EXTERNAL REFERENCE SYMBOLS:            0
NUMBER OF EXTERNAL DEFINITION SYMBOLS:           1
NUMBER OF INTERNAL/EXTERNAL SYMBOLS:             1






























*** COMMAND PARAMETER ***


  -subcommand=C:\Users\ADMINI~1\AppData\Local\Temp\hmk8022.tmp 

