SH SERIES C/C++ Compiler (Ver. 6.0C)                                                                 30-Jul-2013 13:37:12  PAGE    1

************ OBJECT LISTING ************

FILE NAME: E:\Anderain\fx-9860\fxTaumath\main.c

SCT OFFSET   CODE       C LABEL     INSTRUCTION OPERAND    COMMENT

          main.c     1    /* Eigenmath by G. Weigt
          main.c     2    
          main.c     3            The starting point for a symbolic computation is in run.cpp
          main.c     4    
          main.c     5            Input is scanned in scan.cpp
          main.c     6    
          main.c     7            Expression evaluation is done in eval.cpp
          main.c     8    
          main.c     9            Output is formatted in display.cpp
          main.c    10    */
          main.c    11    
          main.c    12    #include "defs.h"
          main.c    13    #include "dconsole.h"
          main.c    14    
          main.c    15    void
          main.c    16    clear_term()
P   00000000              _clear_term:                     ; function: clear_term
                                                           ; frame size=0
          main.c    17    {
          main.c    18    }
    00000000 000B                   RTS
    00000002 0009                   NOP
          main.c    19    
          main.c    20    extern void eval_print(void);
          main.c    21    
          main.c    22    void
          main.c    23    eval_display(void)
    00000004              _eval_display:                   ; function: eval_display
                                                           ; frame size=0
          main.c    24    {
          main.c    25            eval_print();
    00000004 D30E                   MOV.L       L1078+2,R3 ; _eval_print
    00000006 432B                   JMP         @R3
    00000008 0009                   NOP
          main.c    26    }
          main.c    27    
          main.c    28    void
          main.c    29    printstr(char *s)
    0000000A              _printstr:                       ; function: printstr
                                                           ; frame size=8
    0000000A 2FE6                   MOV.L       R14,@-R15
    0000000C 4F22                   STS.L       PR,@-R15
          main.c    30    {
          main.c    31            while (*s)
    0000000E A002                   BRA         L1076
    00000010 6E43                   MOV         R4,R14
    00000012              L1077:                            
          main.c    32                    printchar(*s++);
    00000012 B006                   BSR         _printchar
    00000014 64E4                   MOV.B       @R14+,R4
    00000016              L1076:                            
    00000016 62E0                   MOV.B       @R14,R2
    00000018 2228                   TST         R2,R2
    0000001A 8BFA                   BF          L1077




SH SERIES C/C++ Compiler (Ver. 6.0C)                                                                 30-Jul-2013 13:37:12  PAGE    2


SCT OFFSET   CODE       C LABEL     INSTRUCTION OPERAND    COMMENT

          main.c    33    }
    0000001C 4F26                   LDS.L       @R15+,PR
    0000001E 000B                   RTS
    00000020 6EF6                   MOV.L       @R15+,R14
          main.c    34    
          main.c    35    extern int test_flag;
          main.c    36    
          main.c    37    #define OUTBUFLEN 10000
          main.c    38    //char out_buf[OUTBUFLEN + 1];
          main.c    39    int out_count;
          main.c    40    
          main.c    41    void
          main.c    42    printchar(int c)
    00000022              _printchar:                      ; function: printchar
                                                           ; frame size=4
    00000022 2F46                   MOV.L       R4,@-R15
          main.c    43    {
          main.c    44            dConsolePutChar(c);
    00000024 D307                   MOV.L       L1078+6,R3 ; _dConsolePutChar
    00000026 432B                   JMP         @R3
    00000028 7F04                   ADD         #4,R15
          main.c    45    }
          main.c    46    
          main.c    47    void
          main.c    48    printchar_nowrap(int c)
    0000002A              _printchar_nowrap:               ; function: printchar_nowrap
                                                           ; frame size=0
          main.c    49    {
          main.c    50            printchar(c);
    0000002A AFFA                   BRA         _printchar
    0000002C 0009                   NOP
          main.c    51    }
          main.c    52    
          main.c    53    void
          main.c    54    eval_draw(void)
    0000002E              _eval_draw:                      ; function: eval_draw
                                                           ; frame size=0
          main.c    55    {
          main.c    56            push(symbol(NIL));
    0000002E 9306                   MOV.W       L1078,R3   ; H'0570
    00000030 D205                   MOV.L       L1078+10,R2; _symtab
    00000032 6422                   MOV.L       @R2,R4
    00000034 D105                   MOV.L       L1078+14,R1; _push
    00000036 412B                   JMP         @R1
    00000038 343C                   ADD         R3,R4
          main.c    57    }
          main.c    58    
          main.c    59    void
          main.c    60    eval_sample(void)
    0000003A              _eval_sample:                    ; function: eval_sample
                                                           ; frame size=0
          main.c    61    {
          main.c    62    }
    0000003A 000B                   RTS
    0000003C 0009                   NOP
    0000003E              L1078:                            
    0000003E 0570                   .DATA.W     H'0570




SH SERIES C/C++ Compiler (Ver. 6.0C)                                                                 30-Jul-2013 13:37:12  PAGE    3


SCT OFFSET   CODE       C LABEL     INSTRUCTION OPERAND    COMMENT

    00000040 <00000000>             .DATA.L     _eval_print
    00000044 <00000000>             .DATA.L     _dConsolePutChar
    00000048 <00000000>             .DATA.L     _symtab
    0000004C <00000000>             .DATA.L     _push
B   00000000              _out_count:                      ; static: out_count
    00000000 00000004               .RES.L      1























































SH SERIES C/C++ Compiler (Ver. 6.0C)                                                                 30-Jul-2013 13:37:12  PAGE    1


******** STATISTICS INFORMATION ********


********** ERROR INFORMATION ***********

NUMBER OF ERRORS:           0
NUMBER OF WARNINGS:         1




******* SOURCE LINE INFORMATION ********

COMPILED SOURCE LINE:       62



******* SECTION SIZE INFORMATION *******

PROGRAM  SECTION (P):                               00000050 Byte(s)
CONSTANT SECTION (C):                               00000000 Byte(s)
DATA     SECTION (D):                               00000000 Byte(s)
BSS      SECTION (B):                               00000004 Byte(s)

 TOTAL PROGRAM SIZE: 00000054 Byte(s)



********** LABEL INFORMATION ***********

NUMBER OF EXTERNAL REFERENCE SYMBOLS:            4
NUMBER OF EXTERNAL DEFINITION SYMBOLS:           8
NUMBER OF INTERNAL/EXTERNAL SYMBOLS:            15






























*** COMMAND PARAMETER ***


  -subcommand=C:\Users\ADMINI~1\AppData\Local\Temp\hmk9AFD.tmp 

