SH SERIES C/C++ Compiler (Ver. 6.0C)                                                                 30-Jul-2013 13:37:19  PAGE    1

************ OBJECT LISTING ************

FILE NAME: E:\Anderain\fx-9860\fxTaumath\mscan.c

SCT OFFSET   CODE       C LABEL     INSTRUCTION OPERAND    COMMENT

         mscan.c     1    // bignum scanner
         mscan.c     2    
         mscan.c     3    #include "stdafx.h"
         mscan.c     4    #include "defs.h"
         mscan.c     5    
         mscan.c     6    static unsigned int *addf(unsigned int *, int);
         mscan.c     7    static unsigned int *mulf(unsigned int *, int);
         mscan.c     8    
         mscan.c     9    unsigned int *
         mscan.c    10    mscan(char *s)
P   00000000              _mscan:                          ; function: mscan
                                                           ; frame size=32
    00000000 2FE6                   MOV.L       R14,@-R15
    00000002 2FD6                   MOV.L       R13,@-R15
    00000004 2FC6                   MOV.L       R12,@-R15
    00000006 6D43                   MOV         R4,R13
    00000008 2FB6                   MOV.L       R11,@-R15
    0000000A 2FA6                   MOV.L       R10,@-R15
    0000000C 2F96                   MOV.L       R9,@-R15
    0000000E 4F22                   STS.L       PR,@-R15
    00000010 4F12                   STS.L       MACL,@-R15
         mscan.c    11    {
         mscan.c    12            int sign;
         mscan.c    13            unsigned int *a, *b, *c;
         mscan.c    14    
         mscan.c    15            sign = 1;
         mscan.c    16    
         mscan.c    17            if (*s == '-') {
    00000012 60D0                   MOV.B       @R13,R0
    00000014 882D                   CMP/EQ      #45,R0
    00000016 8F02                   BF/S        L1080
    00000018 E901                   MOV         #1,R9
         mscan.c    18                    sign = -1;
    0000001A E9FF                   MOV         #-1,R9
         mscan.c    19                    s++;
    0000001C 7D01                   ADD         #1,R13
    0000001E              L1080:                            
         mscan.c    20            }
         mscan.c    21    
         mscan.c    22            a = mint(0);
    0000001E D22D                   MOV.L       L1088,R2   ; _mint
    00000020 420B                   JSR         @R2
    00000022 E400                   MOV         #0,R4
    00000024 DB2C                   MOV.L       L1088+4,R11; _mfree
         mscan.c    23    
         mscan.c    24            while (*s) {
    00000026 A00E                   BRA         L1081
    00000028 6E03                   MOV         R0,R14
    0000002A              L1082:                            
         mscan.c    25                    b = mulf(a, 10);
    0000002A E50A                   MOV         #10,R5
    0000002C B03C                   BSR         __$mulf
    0000002E 64E3                   MOV         R14,R4
         mscan.c    26                    c = addf(b, *s - '0');




SH SERIES C/C++ Compiler (Ver. 6.0C)                                                                 30-Jul-2013 13:37:19  PAGE    2


SCT OFFSET   CODE       C LABEL     INSTRUCTION OPERAND    COMMENT

    00000030 65D4                   MOV.B       @R13+,R5
    00000032 6C03                   MOV         R0,R12
    00000034 75D0                   ADD         #-48,R5
    00000036 B021                   BSR         __$addf
    00000038 6403                   MOV         R0,R4
    0000003A 6A03                   MOV         R0,R10
         mscan.c    27                    mfree(a);
    0000003C 4B0B                   JSR         @R11
    0000003E 64E3                   MOV         R14,R4
         mscan.c    28                    mfree(b);
    00000040 4B0B                   JSR         @R11
    00000042 64C3                   MOV         R12,R4
         mscan.c    29                    a = c;
    00000044 6EA3                   MOV         R10,R14
         mscan.c    30                    s++;
    00000046              L1081:                            
    00000046 62D0                   MOV.B       @R13,R2
    00000048 2228                   TST         R2,R2
    0000004A 8BEE                   BF          L1082
         mscan.c    31            }
         mscan.c    32    
         mscan.c    33            if (!MZERO(a))
    0000004C 60E3                   MOV         R14,R0
    0000004E 70FC                   ADD         #-4,R0
    00000050 6002                   MOV.L       @R0,R0
    00000052 8801                   CMP/EQ      #1,R0
    00000054 8F03                   BF/S        L1084
         mscan.c    34                    MSIGN(a) *= sign;
         mscan.c    35    
         mscan.c    36            return a;
    00000056 60E3                   MOV         R14,R0
    00000058 62E2                   MOV.L       @R14,R2
    0000005A 2228                   TST         R2,R2
    0000005C 8905                   BT          L1083
    0000005E              L1084:                            
    0000005E 63E3                   MOV         R14,R3
    00000060 73F8                   ADD         #-8,R3
    00000062 6232                   MOV.L       @R3,R2
    00000064 0297                   MUL.L       R9,R2
    00000066 021A                   STS         MACL,R2
    00000068 2322                   MOV.L       R2,@R3
    0000006A              L1083:                            
         mscan.c    37    }
    0000006A 4F16                   LDS.L       @R15+,MACL
    0000006C 4F26                   LDS.L       @R15+,PR
    0000006E 69F6                   MOV.L       @R15+,R9
    00000070 6AF6                   MOV.L       @R15+,R10
    00000072 6BF6                   MOV.L       @R15+,R11
    00000074 6CF6                   MOV.L       @R15+,R12
    00000076 6DF6                   MOV.L       @R15+,R13
    00000078 000B                   RTS
    0000007A 6EF6                   MOV.L       @R15+,R14
         mscan.c    38    
         mscan.c    39    static unsigned int *
         mscan.c    40    addf(unsigned int *a, int n)
    0000007C              __$addf:                         ; function: addf
                                                           ; frame size=16




SH SERIES C/C++ Compiler (Ver. 6.0C)                                                                 30-Jul-2013 13:37:19  PAGE    3


SCT OFFSET   CODE       C LABEL     INSTRUCTION OPERAND    COMMENT

    0000007C 2FE6                   MOV.L       R14,@-R15
    0000007E 4F22                   STS.L       PR,@-R15
         mscan.c    41    {
         mscan.c    42            unsigned int *b, *c;
         mscan.c    43            b = mint(n);
    00000080 D314                   MOV.L       L1088,R3   ; _mint
    00000082 7FF8                   ADD         #-8,R15
    00000084 1F41                   MOV.L       R4,@(4,R15)
    00000086 2F52                   MOV.L       R5,@R15
    00000088 430B                   JSR         @R3
    0000008A 6453                   MOV         R5,R4
         mscan.c    44            c = madd(a, b);
    0000008C D313                   MOV.L       L1088+8,R3 ; _madd
    0000008E 6E03                   MOV         R0,R14
    00000090 6503                   MOV         R0,R5
    00000092 430B                   JSR         @R3
    00000094 54F1                   MOV.L       @(4,R15),R4
    00000096 2F02                   MOV.L       R0,@R15
         mscan.c    45            mfree(b);
    00000098 D30F                   MOV.L       L1088+4,R3 ; _mfree
    0000009A 430B                   JSR         @R3
    0000009C 64E3                   MOV         R14,R4
         mscan.c    46            return c;
    0000009E 60F2                   MOV.L       @R15,R0
         mscan.c    47    }
    000000A0 7F08                   ADD         #8,R15
    000000A2 4F26                   LDS.L       @R15+,PR
    000000A4 000B                   RTS
    000000A6 6EF6                   MOV.L       @R15+,R14
         mscan.c    48    
         mscan.c    49    static unsigned int *
         mscan.c    50    mulf(unsigned int *a, int n)
    000000A8              __$mulf:                         ; function: mulf
                                                           ; frame size=16
    000000A8 2FE6                   MOV.L       R14,@-R15
    000000AA 4F22                   STS.L       PR,@-R15
         mscan.c    51    {
         mscan.c    52            unsigned int *b, *c;
         mscan.c    53            b = mint(n);
    000000AC D309                   MOV.L       L1088,R3   ; _mint
    000000AE 7FF8                   ADD         #-8,R15
    000000B0 1F41                   MOV.L       R4,@(4,R15)
    000000B2 2F52                   MOV.L       R5,@R15
    000000B4 430B                   JSR         @R3
    000000B6 6453                   MOV         R5,R4
         mscan.c    54            c = mmul(a, b);
    000000B8 D309                   MOV.L       L1088+12,R3; _mmul
    000000BA 6E03                   MOV         R0,R14
    000000BC 6503                   MOV         R0,R5
    000000BE 430B                   JSR         @R3
    000000C0 54F1                   MOV.L       @(4,R15),R4
    000000C2 2F02                   MOV.L       R0,@R15
         mscan.c    55            mfree(b);
    000000C4 D304                   MOV.L       L1088+4,R3 ; _mfree
    000000C6 430B                   JSR         @R3
    000000C8 64E3                   MOV         R14,R4
         mscan.c    56            return c;




SH SERIES C/C++ Compiler (Ver. 6.0C)                                                                 30-Jul-2013 13:37:19  PAGE    4


SCT OFFSET   CODE       C LABEL     INSTRUCTION OPERAND    COMMENT

    000000CA 60F2                   MOV.L       @R15,R0
         mscan.c    57    }
    000000CC 7F08                   ADD         #8,R15
    000000CE 4F26                   LDS.L       @R15+,PR
    000000D0 000B                   RTS
    000000D2 6EF6                   MOV.L       @R15+,R14
    000000D4              L1088:                            
    000000D4 <00000000>             .DATA.L     _mint
    000000D8 <00000000>             .DATA.L     _mfree
    000000DC <00000000>             .DATA.L     _madd
    000000E0 <00000000>             .DATA.L     _mmul


















































SH SERIES C/C++ Compiler (Ver. 6.0C)                                                                 30-Jul-2013 13:37:19  PAGE    1


******** STATISTICS INFORMATION ********


********** ERROR INFORMATION ***********

NUMBER OF ERRORS:           0
NUMBER OF WARNINGS:         0




******* SOURCE LINE INFORMATION ********

COMPILED SOURCE LINE:       57



******* SECTION SIZE INFORMATION *******

PROGRAM  SECTION (P):                               000000E4 Byte(s)
CONSTANT SECTION (C):                               00000000 Byte(s)
DATA     SECTION (D):                               00000000 Byte(s)
BSS      SECTION (B):                               00000000 Byte(s)

 TOTAL PROGRAM SIZE: 000000E4 Byte(s)



********** LABEL INFORMATION ***********

NUMBER OF EXTERNAL REFERENCE SYMBOLS:            4
NUMBER OF EXTERNAL DEFINITION SYMBOLS:           1
NUMBER OF INTERNAL/EXTERNAL SYMBOLS:            11






























*** COMMAND PARAMETER ***


  -subcommand=C:\Users\ADMINI~1\AppData\Local\Temp\hmkB31A.tmp 

