SH SERIES C/C++ Compiler (Ver. 6.0C)                                                                 30-Jul-2013 13:37:24  PAGE    1

************ OBJECT LISTING ************

FILE NAME: E:\Anderain\fx-9860\fxTaumath\product.c

SCT OFFSET   CODE       C LABEL     INSTRUCTION OPERAND    COMMENT

       product.c     1    // 'product' function
       product.c     2    
       product.c     3    #include "stdafx.h"
       product.c     4    #include "defs.h"
       product.c     5    
       product.c     6    #define A p3
       product.c     7    #define B p4
       product.c     8    #define I p5
       product.c     9    #define X p6
       product.c    10    
       product.c    11    void
       product.c    12    eval_product(void)
P   00000000              _eval_product:                   ; function: eval_product
                                                           ; frame size=32
    00000000 2FE6                   MOV.L       R14,@-R15
    00000002 2FD6                   MOV.L       R13,@-R15
    00000004 2FC6                   MOV.L       R12,@-R15
    00000006 2FB6                   MOV.L       R11,@-R15
    00000008 2FA6                   MOV.L       R10,@-R15
    0000000A 2F96                   MOV.L       R9,@-R15
    0000000C 2F86                   MOV.L       R8,@-R15
    0000000E 4F22                   STS.L       PR,@-R15
       product.c    13    {
       product.c    14            int i, j, k;
       product.c    15    
       product.c    16            // 1st arg (quoted)
       product.c    17    
       product.c    18            X = cadr(p1);
    00000010 DD31                   MOV.L       L1156+2,R13; _p6
    00000012 DE32                   MOV.L       L1156+6,R14; _p1
    00000014 63E2                   MOV.L       @R14,R3
    00000016 8438                   MOV.B       @(8,R3),R0
    00000018 2008                   TST         R0,R0
    0000001A 8B02                   BF          L1070
    0000001C 62E2                   MOV.L       @R14,R2
    0000001E A004                   BRA         L1072
    00000020 5221                   MOV.L       @(4,R2),R2
    00000022              L1070:                            
    00000022 9358                   MOV.W       L1156,R3   ; H'0570
    00000024 D12E                   MOV.L       L1156+10,R1; _symtab
    00000026 6212                   MOV.L       @R1,R2
    00000028 323C                   ADD         R3,R2
    0000002A              L1072:                            
    0000002A 8428                   MOV.B       @(8,R2),R0
    0000002C 2008                   TST         R0,R0
    0000002E 8B0C                   BF          L1069
    00000030 63E2                   MOV.L       @R14,R3
    00000032 8438                   MOV.B       @(8,R3),R0
    00000034 2008                   TST         R0,R0
    00000036 8B02                   BF          L1071
    00000038 62E2                   MOV.L       @R14,R2
    0000003A A004                   BRA         L1073
    0000003C 5221                   MOV.L       @(4,R2),R2
    0000003E              L1071:                            




SH SERIES C/C++ Compiler (Ver. 6.0C)                                                                 30-Jul-2013 13:37:24  PAGE    2


SCT OFFSET   CODE       C LABEL     INSTRUCTION OPERAND    COMMENT

    0000003E 934A                   MOV.W       L1156,R3   ; H'0570
    00000040 D127                   MOV.L       L1156+10,R1; _symtab
    00000042 6212                   MOV.L       @R1,R2
    00000044 323C                   ADD         R3,R2
    00000046              L1073:                            
    00000046 A004                   BRA         L1074
    00000048 6322                   MOV.L       @R2,R3
    0000004A              L1069:                            
    0000004A 9244                   MOV.W       L1156,R2   ; H'0570
    0000004C D124                   MOV.L       L1156+10,R1; _symtab
    0000004E 6312                   MOV.L       @R1,R3
    00000050 332C                   ADD         R2,R3
    00000052              L1074:                            
       product.c    19            if (!issymbol(X))
    00000052 6033                   MOV         R3,R0
    00000054 2D32                   MOV.L       R3,@R13
    00000056 D923                   MOV.L       L1156+14,R9; _stop
    00000058 8408                   MOV.B       @(8,R0),R0
    0000005A 600C                   EXTU.B      R0,R0
    0000005C 8805                   CMP/EQ      #5,R0
    0000005E 8902                   BT          L1075
       product.c    20                    stop("product: 1st arg?");
    00000060 D421                   MOV.L       L1156+18,R4; L1062
    00000062 490B                   JSR         @R9
    00000064 0009                   NOP
    00000066              L1075:                            
       product.c    21    
       product.c    22            // 2nd arg
       product.c    23    
       product.c    24            push(caddr(p1));
    00000066 DA21                   MOV.L       L1156+22,R10; _push
    00000068 64E2                   MOV.L       @R14,R4
    0000006A 8448                   MOV.B       @(8,R4),R0
    0000006C 2008                   TST         R0,R0
    0000006E 8B02                   BF          L1078
    00000070 64E2                   MOV.L       @R14,R4
    00000072 A004                   BRA         L1083
    00000074 5441                   MOV.L       @(4,R4),R4
    00000076              L1078:                            
    00000076 932E                   MOV.W       L1156,R3   ; H'0570
    00000078 D219                   MOV.L       L1156+10,R2; _symtab
    0000007A 6422                   MOV.L       @R2,R4
    0000007C 343C                   ADD         R3,R4
    0000007E              L1083:                            
    0000007E 8448                   MOV.B       @(8,R4),R0
    00000080 2008                   TST         R0,R0
    00000082 8B0C                   BF          L1077
    00000084 64E2                   MOV.L       @R14,R4
    00000086 8448                   MOV.B       @(8,R4),R0
    00000088 2008                   TST         R0,R0
    0000008A 8B02                   BF          L1079
    0000008C 64E2                   MOV.L       @R14,R4
    0000008E A004                   BRA         L1084
    00000090 5441                   MOV.L       @(4,R4),R4
    00000092              L1079:                            
    00000092 9320                   MOV.W       L1156,R3   ; H'0570
    00000094 D212                   MOV.L       L1156+10,R2; _symtab




SH SERIES C/C++ Compiler (Ver. 6.0C)                                                                 30-Jul-2013 13:37:24  PAGE    3


SCT OFFSET   CODE       C LABEL     INSTRUCTION OPERAND    COMMENT

    00000096 6422                   MOV.L       @R2,R4
    00000098 343C                   ADD         R3,R4
    0000009A              L1084:                            
    0000009A A004                   BRA         L1085
    0000009C 5441                   MOV.L       @(4,R4),R4
    0000009E              L1077:                            
    0000009E 931A                   MOV.W       L1156,R3   ; H'0570
    000000A0 D20F                   MOV.L       L1156+10,R2; _symtab
    000000A2 6422                   MOV.L       @R2,R4
    000000A4 343C                   ADD         R3,R4
    000000A6              L1085:                            
    000000A6 8448                   MOV.B       @(8,R4),R0
    000000A8 2008                   TST         R0,R0
    000000AA 8B2D                   BF          L1076
    000000AC 64E2                   MOV.L       @R14,R4
    000000AE 8448                   MOV.B       @(8,R4),R0
    000000B0 2008                   TST         R0,R0
    000000B2 8B02                   BF          L1081
    000000B4 64E2                   MOV.L       @R14,R4
    000000B6 A004                   BRA         L1086
    000000B8 5441                   MOV.L       @(4,R4),R4
    000000BA              L1081:                            
    000000BA 930C                   MOV.W       L1156,R3   ; H'0570
    000000BC D208                   MOV.L       L1156+10,R2; _symtab
    000000BE 6422                   MOV.L       @R2,R4
    000000C0 343C                   ADD         R3,R4
    000000C2              L1086:                            
    000000C2 8448                   MOV.B       @(8,R4),R0
    000000C4 2008                   TST         R0,R0
    000000C6 8B19                   BF          L1080
    000000C8 64E2                   MOV.L       @R14,R4
    000000CA 8448                   MOV.B       @(8,R4),R0
    000000CC 2008                   TST         R0,R0
    000000CE 8B0F                   BF          L1082
    000000D0 64E2                   MOV.L       @R14,R4
    000000D2 A011                   BRA         L1087
    000000D4 5441                   MOV.L       @(4,R4),R4
    000000D6              L1156:                            
    000000D6 0570                   .DATA.W     H'0570
    000000D8 <00000000>             .DATA.L     _p6
    000000DC <00000000>             .DATA.L     _p1
    000000E0 <00000000>             .DATA.L     _symtab
    000000E4 <00000000>             .DATA.L     _stop
    000000E8 <00000000>             .DATA.L     L1062
    000000EC <00000000>             .DATA.L     _push
    000000F0              L1082:                            
    000000F0 9360                   MOV.W       L1157,R3   ; H'0570
    000000F2 D231                   MOV.L       L1157+4,R2 ; _symtab
    000000F4 6422                   MOV.L       @R2,R4
    000000F6 343C                   ADD         R3,R4
    000000F8              L1087:                            
    000000F8 A004                   BRA         L1088
    000000FA 5441                   MOV.L       @(4,R4),R4
    000000FC              L1080:                            
    000000FC 935A                   MOV.W       L1157,R3   ; H'0570
    000000FE D22E                   MOV.L       L1157+4,R2 ; _symtab
    00000100 6422                   MOV.L       @R2,R4




SH SERIES C/C++ Compiler (Ver. 6.0C)                                                                 30-Jul-2013 13:37:24  PAGE    4


SCT OFFSET   CODE       C LABEL     INSTRUCTION OPERAND    COMMENT

    00000102 343C                   ADD         R3,R4
    00000104              L1088:                            
    00000104 A004                   BRA         L1089
    00000106 6442                   MOV.L       @R4,R4
    00000108              L1076:                            
    00000108 9354                   MOV.W       L1157,R3   ; H'0570
    0000010A D22B                   MOV.L       L1157+4,R2 ; _symtab
    0000010C 6422                   MOV.L       @R2,R4
    0000010E 343C                   ADD         R3,R4
    00000110              L1089:                            
    00000110 4A0B                   JSR         @R10
    00000112 0009                   NOP
       product.c    25            eval();
    00000114 DB29                   MOV.L       L1157+8,R11; _eval
    00000116 4B0B                   JSR         @R11
    00000118 0009                   NOP
       product.c    26            j = pop_integer();
    0000011A D329                   MOV.L       L1157+12,R3; _pop_integer
    0000011C 430B                   JSR         @R3
    0000011E 0009                   NOP
       product.c    27            if (j == (int) 0x80000000)
    00000120 D228                   MOV.L       L1157+16,R2; H'80000000
    00000122 6C03                   MOV         R0,R12
    00000124 3C20                   CMP/EQ      R2,R12
    00000126 8B02                   BF          L1090
       product.c    28                    stop("product: 2nd arg?");
    00000128 D427                   MOV.L       L1157+20,R4; L1063
    0000012A 490B                   JSR         @R9
    0000012C 0009                   NOP
    0000012E              L1090:                            
       product.c    29    
       product.c    30            // 3rd arg
       product.c    31    
       product.c    32            push(cadddr(p1));
    0000012E 64E2                   MOV.L       @R14,R4
    00000130 8448                   MOV.B       @(8,R4),R0
    00000132 2008                   TST         R0,R0
    00000134 8B02                   BF          L1094
    00000136 64E2                   MOV.L       @R14,R4
    00000138 A004                   BRA         L1106
    0000013A 5441                   MOV.L       @(4,R4),R4
    0000013C              L1094:                            
    0000013C 933A                   MOV.W       L1157,R3   ; H'0570
    0000013E D21E                   MOV.L       L1157+4,R2 ; _symtab
    00000140 6422                   MOV.L       @R2,R4
    00000142 343C                   ADD         R3,R4
    00000144              L1106:                            
    00000144 8448                   MOV.B       @(8,R4),R0
    00000146 2008                   TST         R0,R0
    00000148 8B0C                   BF          L1093
    0000014A 64E2                   MOV.L       @R14,R4
    0000014C 8448                   MOV.B       @(8,R4),R0
    0000014E 2008                   TST         R0,R0
    00000150 8B02                   BF          L1095
    00000152 64E2                   MOV.L       @R14,R4
    00000154 A004                   BRA         L1107
    00000156 5441                   MOV.L       @(4,R4),R4




SH SERIES C/C++ Compiler (Ver. 6.0C)                                                                 30-Jul-2013 13:37:24  PAGE    5


SCT OFFSET   CODE       C LABEL     INSTRUCTION OPERAND    COMMENT

    00000158              L1095:                            
    00000158 932C                   MOV.W       L1157,R3   ; H'0570
    0000015A D217                   MOV.L       L1157+4,R2 ; _symtab
    0000015C 6422                   MOV.L       @R2,R4
    0000015E 343C                   ADD         R3,R4
    00000160              L1107:                            
    00000160 A004                   BRA         L1108
    00000162 5441                   MOV.L       @(4,R4),R4
    00000164              L1093:                            
    00000164 9326                   MOV.W       L1157,R3   ; H'0570
    00000166 D214                   MOV.L       L1157+4,R2 ; _symtab
    00000168 6422                   MOV.L       @R2,R4
    0000016A 343C                   ADD         R3,R4
    0000016C              L1108:                            
    0000016C 8448                   MOV.B       @(8,R4),R0
    0000016E 2008                   TST         R0,R0
    00000170 8B2C                   BF          L1092
    00000172 64E2                   MOV.L       @R14,R4
    00000174 8448                   MOV.B       @(8,R4),R0
    00000176 2008                   TST         R0,R0
    00000178 8B02                   BF          L1097
    0000017A 64E2                   MOV.L       @R14,R4
    0000017C A004                   BRA         L1109
    0000017E 5441                   MOV.L       @(4,R4),R4
    00000180              L1097:                            
    00000180 9318                   MOV.W       L1157,R3   ; H'0570
    00000182 D20D                   MOV.L       L1157+4,R2 ; _symtab
    00000184 6422                   MOV.L       @R2,R4
    00000186 343C                   ADD         R3,R4
    00000188              L1109:                            
    00000188 8448                   MOV.B       @(8,R4),R0
    0000018A 2008                   TST         R0,R0
    0000018C 8B0C                   BF          L1096
    0000018E 64E2                   MOV.L       @R14,R4
    00000190 8448                   MOV.B       @(8,R4),R0
    00000192 2008                   TST         R0,R0
    00000194 8B02                   BF          L1098
    00000196 64E2                   MOV.L       @R14,R4
    00000198 A004                   BRA         L1110
    0000019A 5441                   MOV.L       @(4,R4),R4
    0000019C              L1098:                            
    0000019C 930A                   MOV.W       L1157,R3   ; H'0570
    0000019E D206                   MOV.L       L1157+4,R2 ; _symtab
    000001A0 6422                   MOV.L       @R2,R4
    000001A2 343C                   ADD         R3,R4
    000001A4              L1110:                            
    000001A4 A004                   BRA         L1111
    000001A6 5441                   MOV.L       @(4,R4),R4
    000001A8              L1096:                            
    000001A8 9304                   MOV.W       L1157,R3   ; H'0570
    000001AA D203                   MOV.L       L1157+4,R2 ; _symtab
    000001AC 6422                   MOV.L       @R2,R4
    000001AE 343C                   ADD         R3,R4
    000001B0              L1111:                            
    000001B0 A010                   BRA         L1112
    000001B2 5441                   MOV.L       @(4,R4),R4
    000001B4              L1157:                            




SH SERIES C/C++ Compiler (Ver. 6.0C)                                                                 30-Jul-2013 13:37:24  PAGE    6


SCT OFFSET   CODE       C LABEL     INSTRUCTION OPERAND    COMMENT

    000001B4 0570                   .DATA.W     H'0570
    000001B6 0000                   .DATA.W     0
    000001B8 <00000000>             .DATA.L     _symtab
    000001BC <00000000>             .DATA.L     _eval
    000001C0 <00000000>             .DATA.L     _pop_integer
    000001C4 80000000               .DATA.L     H'80000000
    000001C8 <00000000>             .DATA.L     L1063
    000001CC              L1092:                            
    000001CC 9367                   MOV.W       L1158,R3   ; H'0570
    000001CE D234                   MOV.L       L1158+2,R2 ; _symtab
    000001D0 6422                   MOV.L       @R2,R4
    000001D2 343C                   ADD         R3,R4
    000001D4              L1112:                            
    000001D4 8448                   MOV.B       @(8,R4),R0
    000001D6 2008                   TST         R0,R0
    000001D8 8B48                   BF          L1091
    000001DA 64E2                   MOV.L       @R14,R4
    000001DC 8448                   MOV.B       @(8,R4),R0
    000001DE 2008                   TST         R0,R0
    000001E0 8B02                   BF          L1101
    000001E2 64E2                   MOV.L       @R14,R4
    000001E4 A004                   BRA         L1113
    000001E6 5441                   MOV.L       @(4,R4),R4
    000001E8              L1101:                            
    000001E8 9359                   MOV.W       L1158,R3   ; H'0570
    000001EA D22D                   MOV.L       L1158+2,R2 ; _symtab
    000001EC 6422                   MOV.L       @R2,R4
    000001EE 343C                   ADD         R3,R4
    000001F0              L1113:                            
    000001F0 8448                   MOV.B       @(8,R4),R0
    000001F2 2008                   TST         R0,R0
    000001F4 8B0C                   BF          L1100
    000001F6 64E2                   MOV.L       @R14,R4
    000001F8 8448                   MOV.B       @(8,R4),R0
    000001FA 2008                   TST         R0,R0
    000001FC 8B02                   BF          L1102
    000001FE 64E2                   MOV.L       @R14,R4
    00000200 A004                   BRA         L1114
    00000202 5441                   MOV.L       @(4,R4),R4
    00000204              L1102:                            
    00000204 934B                   MOV.W       L1158,R3   ; H'0570
    00000206 D226                   MOV.L       L1158+2,R2 ; _symtab
    00000208 6422                   MOV.L       @R2,R4
    0000020A 343C                   ADD         R3,R4
    0000020C              L1114:                            
    0000020C A004                   BRA         L1115
    0000020E 5441                   MOV.L       @(4,R4),R4
    00000210              L1100:                            
    00000210 9345                   MOV.W       L1158,R3   ; H'0570
    00000212 D223                   MOV.L       L1158+2,R2 ; _symtab
    00000214 6422                   MOV.L       @R2,R4
    00000216 343C                   ADD         R3,R4
    00000218              L1115:                            
    00000218 8448                   MOV.B       @(8,R4),R0
    0000021A 2008                   TST         R0,R0
    0000021C 8B20                   BF          L1099
    0000021E 64E2                   MOV.L       @R14,R4




SH SERIES C/C++ Compiler (Ver. 6.0C)                                                                 30-Jul-2013 13:37:24  PAGE    7


SCT OFFSET   CODE       C LABEL     INSTRUCTION OPERAND    COMMENT

    00000220 8448                   MOV.B       @(8,R4),R0
    00000222 2008                   TST         R0,R0
    00000224 8B02                   BF          L1104
    00000226 64E2                   MOV.L       @R14,R4
    00000228 A004                   BRA         L1116
    0000022A 5441                   MOV.L       @(4,R4),R4
    0000022C              L1104:                            
    0000022C 9337                   MOV.W       L1158,R3   ; H'0570
    0000022E D21C                   MOV.L       L1158+2,R2 ; _symtab
    00000230 6422                   MOV.L       @R2,R4
    00000232 343C                   ADD         R3,R4
    00000234              L1116:                            
    00000234 8448                   MOV.B       @(8,R4),R0
    00000236 2008                   TST         R0,R0
    00000238 8B0C                   BF          L1103
    0000023A 64E2                   MOV.L       @R14,R4
    0000023C 8448                   MOV.B       @(8,R4),R0
    0000023E 2008                   TST         R0,R0
    00000240 8B02                   BF          L1105
    00000242 64E2                   MOV.L       @R14,R4
    00000244 A004                   BRA         L1117
    00000246 5441                   MOV.L       @(4,R4),R4
    00000248              L1105:                            
    00000248 9329                   MOV.W       L1158,R3   ; H'0570
    0000024A D215                   MOV.L       L1158+2,R2 ; _symtab
    0000024C 6422                   MOV.L       @R2,R4
    0000024E 343C                   ADD         R3,R4
    00000250              L1117:                            
    00000250 A004                   BRA         L1118
    00000252 5441                   MOV.L       @(4,R4),R4
    00000254              L1103:                            
    00000254 9323                   MOV.W       L1158,R3   ; H'0570
    00000256 D212                   MOV.L       L1158+2,R2 ; _symtab
    00000258 6422                   MOV.L       @R2,R4
    0000025A 343C                   ADD         R3,R4
    0000025C              L1118:                            
    0000025C A004                   BRA         L1119
    0000025E 5441                   MOV.L       @(4,R4),R4
    00000260              L1099:                            
    00000260 931D                   MOV.W       L1158,R3   ; H'0570
    00000262 D20F                   MOV.L       L1158+2,R2 ; _symtab
    00000264 6422                   MOV.L       @R2,R4
    00000266 343C                   ADD         R3,R4
    00000268              L1119:                            
    00000268 A004                   BRA         L1120
    0000026A 6442                   MOV.L       @R4,R4
    0000026C              L1091:                            
    0000026C 9317                   MOV.W       L1158,R3   ; H'0570
    0000026E D20C                   MOV.L       L1158+2,R2 ; _symtab
    00000270 6422                   MOV.L       @R2,R4
    00000272 343C                   ADD         R3,R4
    00000274              L1120:                            
    00000274 4A0B                   JSR         @R10
    00000276 0009                   NOP
       product.c    33            eval();
    00000278 4B0B                   JSR         @R11
    0000027A 0009                   NOP




SH SERIES C/C++ Compiler (Ver. 6.0C)                                                                 30-Jul-2013 13:37:24  PAGE    8


SCT OFFSET   CODE       C LABEL     INSTRUCTION OPERAND    COMMENT

       product.c    34            k = pop_integer();
    0000027C D309                   MOV.L       L1158+6,R3 ; _pop_integer
    0000027E 430B                   JSR         @R3
    00000280 0009                   NOP
    00000282 6803                   MOV         R0,R8
       product.c    35            if (k == (int) 0x80000000)
    00000284 D208                   MOV.L       L1158+10,R2; H'80000000
    00000286 3820                   CMP/EQ      R2,R8
    00000288 8B02                   BF          L1121
       product.c    36                    stop("product: 3rd arg?");
    0000028A D408                   MOV.L       L1158+14,R4; L1064
    0000028C 490B                   JSR         @R9
    0000028E 0009                   NOP
    00000290              L1121:                            
       product.c    37    
       product.c    38            // 4th arg
       product.c    39            // fix
       product.c    40    
       product.c    41            p1 = cddddr(p1);
    00000290 62E2                   MOV.L       @R14,R2
    00000292 8428                   MOV.B       @(8,R2),R0
    00000294 2008                   TST         R0,R0
    00000296 8B0B                   BF          L1125
    00000298 62E2                   MOV.L       @R14,R2
    0000029A A00D                   BRA         L1137
    0000029C 5321                   MOV.L       @(4,R2),R3
    0000029E              L1158:                            
    0000029E 0570                   .DATA.W     H'0570
    000002A0 <00000000>             .DATA.L     _symtab
    000002A4 <00000000>             .DATA.L     _pop_integer
    000002A8 80000000               .DATA.L     H'80000000
    000002AC <00000000>             .DATA.L     L1064
    000002B0              L1125:                            
    000002B0 925C                   MOV.W       L1159,R2   ; H'0570
    000002B2 D12F                   MOV.L       L1159+4,R1 ; _symtab
    000002B4 6312                   MOV.L       @R1,R3
    000002B6 332C                   ADD         R2,R3
    000002B8              L1137:                            
    000002B8 8438                   MOV.B       @(8,R3),R0
    000002BA 2008                   TST         R0,R0
    000002BC 8B0C                   BF          L1124
    000002BE 63E2                   MOV.L       @R14,R3
    000002C0 8438                   MOV.B       @(8,R3),R0
    000002C2 2008                   TST         R0,R0
    000002C4 8B02                   BF          L1126
    000002C6 62E2                   MOV.L       @R14,R2
    000002C8 A004                   BRA         L1138
    000002CA 5221                   MOV.L       @(4,R2),R2
    000002CC              L1126:                            
    000002CC 934E                   MOV.W       L1159,R3   ; H'0570
    000002CE D128                   MOV.L       L1159+4,R1 ; _symtab
    000002D0 6212                   MOV.L       @R1,R2
    000002D2 323C                   ADD         R3,R2
    000002D4              L1138:                            
    000002D4 A004                   BRA         L1139
    000002D6 5221                   MOV.L       @(4,R2),R2
    000002D8              L1124:                            




SH SERIES C/C++ Compiler (Ver. 6.0C)                                                                 30-Jul-2013 13:37:24  PAGE    9


SCT OFFSET   CODE       C LABEL     INSTRUCTION OPERAND    COMMENT

    000002D8 9348                   MOV.W       L1159,R3   ; H'0570
    000002DA D125                   MOV.L       L1159+4,R1 ; _symtab
    000002DC 6212                   MOV.L       @R1,R2
    000002DE 323C                   ADD         R3,R2
    000002E0              L1139:                            
    000002E0 8428                   MOV.B       @(8,R2),R0
    000002E2 2008                   TST         R0,R0
    000002E4 8B20                   BF          L1123
    000002E6 62E2                   MOV.L       @R14,R2
    000002E8 8428                   MOV.B       @(8,R2),R0
    000002EA 2008                   TST         R0,R0
    000002EC 8B02                   BF          L1128
    000002EE 62E2                   MOV.L       @R14,R2
    000002F0 A004                   BRA         L1140
    000002F2 5321                   MOV.L       @(4,R2),R3
    000002F4              L1128:                            
    000002F4 923A                   MOV.W       L1159,R2   ; H'0570
    000002F6 D11E                   MOV.L       L1159+4,R1 ; _symtab
    000002F8 6312                   MOV.L       @R1,R3
    000002FA 332C                   ADD         R2,R3
    000002FC              L1140:                            
    000002FC 8438                   MOV.B       @(8,R3),R0
    000002FE 2008                   TST         R0,R0
    00000300 8B0C                   BF          L1127
    00000302 63E2                   MOV.L       @R14,R3
    00000304 8438                   MOV.B       @(8,R3),R0
    00000306 2008                   TST         R0,R0
    00000308 8B02                   BF          L1129
    0000030A 62E2                   MOV.L       @R14,R2
    0000030C A004                   BRA         L1141
    0000030E 5221                   MOV.L       @(4,R2),R2
    00000310              L1129:                            
    00000310 932C                   MOV.W       L1159,R3   ; H'0570
    00000312 D117                   MOV.L       L1159+4,R1 ; _symtab
    00000314 6212                   MOV.L       @R1,R2
    00000316 323C                   ADD         R3,R2
    00000318              L1141:                            
    00000318 A004                   BRA         L1142
    0000031A 5221                   MOV.L       @(4,R2),R2
    0000031C              L1127:                            
    0000031C 9326                   MOV.W       L1159,R3   ; H'0570
    0000031E D114                   MOV.L       L1159+4,R1 ; _symtab
    00000320 6212                   MOV.L       @R1,R2
    00000322 323C                   ADD         R3,R2
    00000324              L1142:                            
    00000324 A004                   BRA         L1143
    00000326 5321                   MOV.L       @(4,R2),R3
    00000328              L1123:                            
    00000328 9220                   MOV.W       L1159,R2   ; H'0570
    0000032A D111                   MOV.L       L1159+4,R1 ; _symtab
    0000032C 6312                   MOV.L       @R1,R3
    0000032E 332C                   ADD         R2,R3
    00000330              L1143:                            
    00000330 8438                   MOV.B       @(8,R3),R0
    00000332 2008                   TST         R0,R0
    00000334 8B4C                   BF          L1122
    00000336 63E2                   MOV.L       @R14,R3




SH SERIES C/C++ Compiler (Ver. 6.0C)                                                                 30-Jul-2013 13:37:24  PAGE   10


SCT OFFSET   CODE       C LABEL     INSTRUCTION OPERAND    COMMENT

    00000338 8438                   MOV.B       @(8,R3),R0
    0000033A 2008                   TST         R0,R0
    0000033C 8B02                   BF          L1132
    0000033E 62E2                   MOV.L       @R14,R2
    00000340 A004                   BRA         L1144
    00000342 5221                   MOV.L       @(4,R2),R2
    00000344              L1132:                            
    00000344 9312                   MOV.W       L1159,R3   ; H'0570
    00000346 D10A                   MOV.L       L1159+4,R1 ; _symtab
    00000348 6212                   MOV.L       @R1,R2
    0000034A 323C                   ADD         R3,R2
    0000034C              L1144:                            
    0000034C 8428                   MOV.B       @(8,R2),R0
    0000034E 2008                   TST         R0,R0
    00000350 8B10                   BF          L1131
    00000352 63E2                   MOV.L       @R14,R3
    00000354 8438                   MOV.B       @(8,R3),R0
    00000356 2008                   TST         R0,R0
    00000358 8B02                   BF          L1133
    0000035A 62E2                   MOV.L       @R14,R2
    0000035C A004                   BRA         L1145
    0000035E 5221                   MOV.L       @(4,R2),R2
    00000360              L1133:                            
    00000360 9304                   MOV.W       L1159,R3   ; H'0570
    00000362 D103                   MOV.L       L1159+4,R1 ; _symtab
    00000364 6212                   MOV.L       @R1,R2
    00000366 323C                   ADD         R3,R2
    00000368              L1145:                            
    00000368 A008                   BRA         L1146
    0000036A 5321                   MOV.L       @(4,R2),R3
    0000036C              L1159:                            
    0000036C 0570                   .DATA.W     H'0570
    0000036E 0000                   .DATA.W     0
    00000370 <00000000>             .DATA.L     _symtab
    00000374              L1131:                            
    00000374 9271                   MOV.W       L1160,R2   ; H'0570
    00000376 D139                   MOV.L       L1160+2,R1 ; _symtab
    00000378 6312                   MOV.L       @R1,R3
    0000037A 332C                   ADD         R2,R3
    0000037C              L1146:                            
    0000037C 8438                   MOV.B       @(8,R3),R0
    0000037E 2008                   TST         R0,R0
    00000380 8B20                   BF          L1130
    00000382 62E2                   MOV.L       @R14,R2
    00000384 8428                   MOV.B       @(8,R2),R0
    00000386 2008                   TST         R0,R0
    00000388 8B02                   BF          L1135
    0000038A 62E2                   MOV.L       @R14,R2
    0000038C A004                   BRA         L1147
    0000038E 5321                   MOV.L       @(4,R2),R3
    00000390              L1135:                            
    00000390 9263                   MOV.W       L1160,R2   ; H'0570
    00000392 D132                   MOV.L       L1160+2,R1 ; _symtab
    00000394 6312                   MOV.L       @R1,R3
    00000396 332C                   ADD         R2,R3
    00000398              L1147:                            
    00000398 8438                   MOV.B       @(8,R3),R0




SH SERIES C/C++ Compiler (Ver. 6.0C)                                                                 30-Jul-2013 13:37:24  PAGE   11


SCT OFFSET   CODE       C LABEL     INSTRUCTION OPERAND    COMMENT

    0000039A 2008                   TST         R0,R0
    0000039C 8B0C                   BF          L1134
    0000039E 63E2                   MOV.L       @R14,R3
    000003A0 8438                   MOV.B       @(8,R3),R0
    000003A2 2008                   TST         R0,R0
    000003A4 8B02                   BF          L1136
    000003A6 62E2                   MOV.L       @R14,R2
    000003A8 A004                   BRA         L1148
    000003AA 5221                   MOV.L       @(4,R2),R2
    000003AC              L1136:                            
    000003AC 9355                   MOV.W       L1160,R3   ; H'0570
    000003AE D12B                   MOV.L       L1160+2,R1 ; _symtab
    000003B0 6212                   MOV.L       @R1,R2
    000003B2 323C                   ADD         R3,R2
    000003B4              L1148:                            
    000003B4 A004                   BRA         L1149
    000003B6 5221                   MOV.L       @(4,R2),R2
    000003B8              L1134:                            
    000003B8 934F                   MOV.W       L1160,R3   ; H'0570
    000003BA D128                   MOV.L       L1160+2,R1 ; _symtab
    000003BC 6212                   MOV.L       @R1,R2
    000003BE 323C                   ADD         R3,R2
    000003C0              L1149:                            
    000003C0 A004                   BRA         L1150
    000003C2 5221                   MOV.L       @(4,R2),R2
    000003C4              L1130:                            
    000003C4 9349                   MOV.W       L1160,R3   ; H'0570
    000003C6 D125                   MOV.L       L1160+2,R1 ; _symtab
    000003C8 6212                   MOV.L       @R1,R2
    000003CA 323C                   ADD         R3,R2
    000003CC              L1150:                            
    000003CC A004                   BRA         L1151
    000003CE 5221                   MOV.L       @(4,R2),R2
    000003D0              L1122:                            
    000003D0 9343                   MOV.W       L1160,R3   ; H'0570
    000003D2 D122                   MOV.L       L1160+2,R1 ; _symtab
    000003D4 6212                   MOV.L       @R1,R2
    000003D6 323C                   ADD         R3,R2
    000003D8              L1151:                            
    000003D8 2E22                   MOV.L       R2,@R14
       product.c    42            p1 = car(p1);
    000003DA 6123                   MOV         R2,R1
    000003DC 8418                   MOV.B       @(8,R1),R0
    000003DE 2008                   TST         R0,R0
    000003E0 8B02                   BF          L1152
    000003E2 62E2                   MOV.L       @R14,R2
    000003E4 A004                   BRA         L1153
    000003E6 6322                   MOV.L       @R2,R3
    000003E8              L1152:                            
    000003E8 9237                   MOV.W       L1160,R2   ; H'0570
    000003EA D11C                   MOV.L       L1160+2,R1 ; _symtab
    000003EC 6312                   MOV.L       @R1,R3
    000003EE 332C                   ADD         R2,R3
    000003F0              L1153:                            
    000003F0 2E32                   MOV.L       R3,@R14
       product.c    43    
       product.c    44            B = get_binding(X);




SH SERIES C/C++ Compiler (Ver. 6.0C)                                                                 30-Jul-2013 13:37:24  PAGE   12


SCT OFFSET   CODE       C LABEL     INSTRUCTION OPERAND    COMMENT

    000003F2 D31B                   MOV.L       L1160+6,R3 ; _get_binding
    000003F4 430B                   JSR         @R3
    000003F6 64D2                   MOV.L       @R13,R4
    000003F8 D21A                   MOV.L       L1160+10,R2; _p4
    000003FA 2202                   MOV.L       R0,@R2
       product.c    45            A = get_arglist(X);
    000003FC D31A                   MOV.L       L1160+14,R3; _get_arglist
    000003FE 430B                   JSR         @R3
    00000400 64D2                   MOV.L       @R13,R4
    00000402 D21A                   MOV.L       L1160+18,R2; _p3
       product.c    46    
       product.c    47            push_integer(1);
    00000404 D31A                   MOV.L       L1160+22,R3; _push_integer
    00000406 2202                   MOV.L       R0,@R2
    00000408 430B                   JSR         @R3
    0000040A E401                   MOV         #1,R4
       product.c    48    
       product.c    49            for (i = j; i <= k; i++) {
    0000040C D919                   MOV.L       L1160+26,R9; _p5
    0000040E 3C87                   CMP/GT      R8,R12
    00000410 8914                   BT          L1154
    00000412              L1155:                            
       product.c    50                    push_integer(i);
    00000412 D317                   MOV.L       L1160+22,R3; _push_integer
    00000414 430B                   JSR         @R3
    00000416 64C3                   MOV         R12,R4
       product.c    51                    I = pop();
    00000418 D217                   MOV.L       L1160+30,R2; _pop
    0000041A 420B                   JSR         @R2
    0000041C 0009                   NOP
       product.c    52                    set_binding(X, I);
    0000041E 6503                   MOV         R0,R5
    00000420 D316                   MOV.L       L1160+34,R3; _set_binding
    00000422 2902                   MOV.L       R0,@R9
    00000424 430B                   JSR         @R3
    00000426 64D2                   MOV.L       @R13,R4
       product.c    53                    push(p1);
    00000428 4A0B                   JSR         @R10
    0000042A 64E2                   MOV.L       @R14,R4
       product.c    54                    eval();
    0000042C 4B0B                   JSR         @R11
    0000042E 0009                   NOP
       product.c    55                    multiply();
    00000430 D213                   MOV.L       L1160+38,R2; _multiply
    00000432 420B                   JSR         @R2
    00000434 0009                   NOP
    00000436 7C01                   ADD         #1,R12
    00000438 3C87                   CMP/GT      R8,R12
    0000043A 8BEA                   BF          L1155
    0000043C              L1154:                            
       product.c    56            }
       product.c    57    
       product.c    58            set_binding_and_arglist(X, B, A);
    0000043C D20B                   MOV.L       L1160+18,R2; _p3
    0000043E 6622                   MOV.L       @R2,R6
    00000440 D308                   MOV.L       L1160+10,R3; _p4
    00000442 6532                   MOV.L       @R3,R5




SH SERIES C/C++ Compiler (Ver. 6.0C)                                                                 30-Jul-2013 13:37:24  PAGE   13


SCT OFFSET   CODE       C LABEL     INSTRUCTION OPERAND    COMMENT

    00000444 64D2                   MOV.L       @R13,R4
    00000446 4F26                   LDS.L       @R15+,PR
    00000448 D10E                   MOV.L       L1160+42,R1; _set_binding_and_arglist
    0000044A 68F6                   MOV.L       @R15+,R8
    0000044C 69F6                   MOV.L       @R15+,R9
    0000044E 6AF6                   MOV.L       @R15+,R10
    00000450 6BF6                   MOV.L       @R15+,R11
    00000452 6CF6                   MOV.L       @R15+,R12
    00000454 6DF6                   MOV.L       @R15+,R13
    00000456 412B                   JMP         @R1
    00000458 6EF6                   MOV.L       @R15+,R14
    0000045A              L1160:                            
    0000045A 0570                   .DATA.W     H'0570
    0000045C <00000000>             .DATA.L     _symtab
    00000460 <00000000>             .DATA.L     _get_binding
    00000464 <00000000>             .DATA.L     _p4
    00000468 <00000000>             .DATA.L     _get_arglist
    0000046C <00000000>             .DATA.L     _p3
    00000470 <00000000>             .DATA.L     _push_integer
    00000474 <00000000>             .DATA.L     _p5
    00000478 <00000000>             .DATA.L     _pop
    0000047C <00000000>             .DATA.L     _set_binding
    00000480 <00000000>             .DATA.L     _multiply
    00000484 <00000000>             .DATA.L     _set_binding_and_arglist
       product.c    59    }
C   00000000              L1062:
    00000000 70726F6475             .SDATA      "product: 1st arg?"
             63743A2031   
             7374206172   
             673F         
    00000011 00                     .DATA.B     H'00
    00000012 00000002               .RES.W      1
    00000014              L1063:
    00000014 70726F6475             .SDATA      "product: 2nd arg?"
             63743A2032   
             6E64206172   
             673F         
    00000025 00                     .DATA.B     H'00
    00000026 00000002               .RES.W      1
    00000028              L1064:
    00000028 70726F6475             .SDATA      "product: 3rd arg?"
             63743A2033   
             7264206172   
             673F         
    00000039 00                     .DATA.B     H'00
















SH SERIES C/C++ Compiler (Ver. 6.0C)                                                                 30-Jul-2013 13:37:24  PAGE    1


******** STATISTICS INFORMATION ********


********** ERROR INFORMATION ***********

NUMBER OF ERRORS:           0
NUMBER OF WARNINGS:         0




******* SOURCE LINE INFORMATION ********

COMPILED SOURCE LINE:       59



******* SECTION SIZE INFORMATION *******

PROGRAM  SECTION (P):                               00000488 Byte(s)
CONSTANT SECTION (C):                               0000003A Byte(s)
DATA     SECTION (D):                               00000000 Byte(s)
BSS      SECTION (B):                               00000000 Byte(s)

 TOTAL PROGRAM SIZE: 000004C2 Byte(s)



********** LABEL INFORMATION ***********

NUMBER OF EXTERNAL REFERENCE SYMBOLS:           17
NUMBER OF EXTERNAL DEFINITION SYMBOLS:           1
NUMBER OF INTERNAL/EXTERNAL SYMBOLS:           113






























*** COMMAND PARAMETER ***


  -subcommand=C:\Users\ADMINI~1\AppData\Local\Temp\hmkC669.tmp 

